# JRE version: Java(TM) SE Runtime Environment (8.0_121-b13) (build 1.8.0_121-b13)
# Java VM: Java HotSpot(TM) 64-Bit Server VM (25.121-b13 mixed mode linux-amd64 compressed oops)
Heap:
 PSYoungGen      total 116224K, used 23040K [0x00000000e1f80000, 0x00000000eaa80000, 0x0000000100000000)
  eden space 93184K, 0% used [0x00000000e1f80000,0x00000000e1f80000,0x00000000e7a80000)
  from space 23040K, 100% used [0x00000000e7a80000,0x00000000e9100000,0x00000000e9100000)
  to   space 19968K, 0% used [0x00000000e9100000,0x00000000e9100000,0x00000000ea480000)
 ParOldGen       total 66048K, used 65503K [0x00000000a5e00000, 0x00000000a9e80000, 0x00000000e1f80000)
  object space 66048K, 99% used [0x00000000a5e00000,0x00000000a9df7cc8,0x00000000a9e80000)
 Metaspace       used 20436K, capacity 20618K, committed 20864K, reserved 1067008K
  class space    used 2348K, capacity 2422K, committed 2432K, reserved 1048576K
GC Heap History (10 events):
Event: 8,178 GC heap after
Heap after GC invocations=2 (full 0):
 PSYoungGen      total 27648K, used 3571K [0x00000000e1f80000, 0x00000000e5580000, 0x0000000100000000)
  eden space 24064K, 0% used [0x00000000e1f80000,0x00000000e1f80000,0x00000000e3700000)
  from space 3584K, 99% used [0x00000000e3a80000,0x00000000e3dfce18,0x00000000e3e00000)
  to   space 3584K, 0% used [0x00000000e3700000,0x00000000e3700000,0x00000000e3a80000)
 ParOldGen       total 62976K, used 8008K [0x00000000a5e00000, 0x00000000a9b80000, 0x00000000e1f80000)
  object space 62976K, 12% used [0x00000000a5e00000,0x00000000a65d23c0,0x00000000a9b80000)
 Metaspace       used 19503K, capacity 19690K, committed 19840K, reserved 1067008K
  class space    used 2347K, capacity 2422K, committed 2432K, reserved 1048576K
}
Event: 9,272 GC heap before
{Heap before GC invocations=3 (full 0):
 PSYoungGen      total 27648K, used 27635K [0x00000000e1f80000, 0x00000000e5580000, 0x0000000100000000)
  eden space 24064K, 100% used [0x00000000e1f80000,0x00000000e3700000,0x00000000e3700000)
  from space 3584K, 99% used [0x00000000e3a80000,0x00000000e3dfce18,0x00000000e3e00000)
  to   space 3584K, 0% used [0x00000000e3700000,0x00000000e3700000,0x00000000e3a80000)
 ParOldGen       total 62976K, used 8008K [0x00000000a5e00000, 0x00000000a9b80000, 0x00000000e1f80000)
  object space 62976K, 12% used [0x00000000a5e00000,0x00000000a65d23c0,0x00000000a9b80000)
 Metaspace       used 19784K, capacity 20010K, committed 20352K, reserved 1067008K
  class space    used 2348K, capacity 2422K, committed 2432K, reserved 1048576K
Event: 9,337 GC heap after
Heap after GC invocations=3 (full 0):
 PSYoungGen      total 27648K, used 3555K [0x00000000e1f80000, 0x00000000e5580000, 0x0000000100000000)
  eden space 24064K, 0% used [0x00000000e1f80000,0x00000000e1f80000,0x00000000e3700000)
  from space 3584K, 99% used [0x00000000e3700000,0x00000000e3a78e28,0x00000000e3a80000)
  to   space 3584K, 0% used [0x00000000e5200000,0x00000000e5200000,0x00000000e5580000)
 ParOldGen       total 62976K, used 15329K [0x00000000a5e00000, 0x00000000a9b80000, 0x00000000e1f80000)
  object space 62976K, 24% used [0x00000000a5e00000,0x00000000a6cf8770,0x00000000a9b80000)
 Metaspace       used 19784K, capacity 20010K, committed 20352K, reserved 1067008K
  class space    used 2348K, capacity 2422K, committed 2432K, reserved 1048576K
}
Event: 10,181 GC heap before
{Heap before GC invocations=4 (full 0):
 PSYoungGen      total 27648K, used 27619K [0x00000000e1f80000, 0x00000000e5580000, 0x0000000100000000)
  eden space 24064K, 100% used [0x00000000e1f80000,0x00000000e3700000,0x00000000e3700000)
  from space 3584K, 99% used [0x00000000e3700000,0x00000000e3a78e28,0x00000000e3a80000)
  to   space 3584K, 0% used [0x00000000e5200000,0x00000000e5200000,0x00000000e5580000)
 ParOldGen       total 62976K, used 15329K [0x00000000a5e00000, 0x00000000a9b80000, 0x00000000e1f80000)
  object space 62976K, 24% used [0x00000000a5e00000,0x00000000a6cf8770,0x00000000a9b80000)
 Metaspace       used 19925K, capacity 20138K, committed 20352K, reserved 1067008K
  class space    used 2348K, capacity 2422K, committed 2432K, reserved 1048576K
Event: 10,221 GC heap after
Heap after GC invocations=4 (full 0):
 PSYoungGen      total 51712K, used 3571K [0x00000000e1f80000, 0x00000000e5580000, 0x0000000100000000)
  eden space 48128K, 0% used [0x00000000e1f80000,0x00000000e1f80000,0x00000000e4e80000)
  from space 3584K, 99% used [0x00000000e5200000,0x00000000e557ce18,0x00000000e5580000)
  to   space 3584K, 0% used [0x00000000e4e80000,0x00000000e4e80000,0x00000000e5200000)
 ParOldGen       total 62976K, used 22697K [0x00000000a5e00000, 0x00000000a9b80000, 0x00000000e1f80000)
  object space 62976K, 36% used [0x00000000a5e00000,0x00000000a742a770,0x00000000a9b80000)
 Metaspace       used 19925K, capacity 20138K, committed 20352K, reserved 1067008K
  class space    used 2348K, capacity 2422K, committed 2432K, reserved 1048576K
}
Event: 11,596 GC heap before
{Heap before GC invocations=5 (full 0):
 PSYoungGen      total 51712K, used 51699K [0x00000000e1f80000, 0x00000000e5580000, 0x0000000100000000)
  eden space 48128K, 100% used [0x00000000e1f80000,0x00000000e4e80000,0x00000000e4e80000)
  from space 3584K, 99% used [0x00000000e5200000,0x00000000e557ce18,0x00000000e5580000)
  to   space 3584K, 0% used [0x00000000e4e80000,0x00000000e4e80000,0x00000000e5200000)
 ParOldGen       total 62976K, used 22697K [0x00000000a5e00000, 0x00000000a9b80000, 0x00000000e1f80000)
  object space 62976K, 36% used [0x00000000a5e00000,0x00000000a742a770,0x00000000a9b80000)
 Metaspace       used 20159K, capacity 20394K, committed 20608K, reserved 1067008K
  class space    used 2348K, capacity 2422K, committed 2432K, reserved 1048576K
Event: 11,662 GC heap after
Heap after GC invocations=5 (full 0):
 PSYoungGen      total 51712K, used 3557K [0x00000000e1f80000, 0x00000000ea480000, 0x0000000100000000)
  eden space 48128K, 0% used [0x00000000e1f80000,0x00000000e1f80000,0x00000000e4e80000)
  from space 3584K, 99% used [0x00000000e4e80000,0x00000000e51f97a8,0x00000000e5200000)
  to   space 19968K, 0% used [0x00000000e9100000,0x00000000e9100000,0x00000000ea480000)
 ParOldGen       total 62976K, used 38063K [0x00000000a5e00000, 0x00000000a9b80000, 0x00000000e1f80000)
  object space 62976K, 60% used [0x00000000a5e00000,0x00000000a832bdf0,0x00000000a9b80000)
 Metaspace       used 20159K, capacity 20394K, committed 20608K, reserved 1067008K
  class space    used 2348K, capacity 2422K, committed 2432K, reserved 1048576K
}
Event: 13,200 GC heap before
{Heap before GC invocations=6 (full 0):
 PSYoungGen      total 51712K, used 51685K [0x00000000e1f80000, 0x00000000ea480000, 0x0000000100000000)
  eden space 48128K, 100% used [0x00000000e1f80000,0x00000000e4e80000,0x00000000e4e80000)
  from space 3584K, 99% used [0x00000000e4e80000,0x00000000e51f97a8,0x00000000e5200000)
  to   space 19968K, 0% used [0x00000000e9100000,0x00000000e9100000,0x00000000ea480000)
 ParOldGen       total 62976K, used 38063K [0x00000000a5e00000, 0x00000000a9b80000, 0x00000000e1f80000)
  object space 62976K, 60% used [0x00000000a5e00000,0x00000000a832bdf0,0x00000000a9b80000)
 Metaspace       used 20284K, capacity 20522K, committed 20864K, reserved 1067008K
  class space    used 2348K, capacity 2422K, committed 2432K, reserved 1048576K
Event: 13,284 GC heap after
Heap after GC invocations=6 (full 0):
 PSYoungGen      total 113152K, used 19509K [0x00000000e1f80000, 0x00000000eaa80000, 0x0000000100000000)
  eden space 93184K, 0% used [0x00000000e1f80000,0x00000000e1f80000,0x00000000e7a80000)
  from space 19968K, 97% used [0x00000000e9100000,0x00000000ea40d798,0x00000000ea480000)
  to   space 23040K, 0% used [0x00000000e7a80000,0x00000000e7a80000,0x00000000e9100000)
 ParOldGen       total 62976K, used 38071K [0x00000000a5e00000, 0x00000000a9b80000, 0x00000000e1f80000)
  object space 62976K, 60% used [0x00000000a5e00000,0x00000000a832ddf0,0x00000000a9b80000)
 Metaspace       used 20284K, capacity 20522K, committed 20864K, reserved 1067008K
  class space    used 2348K, capacity 2422K, committed 2432K, reserved 1048576K
}
Event: 16,779 GC heap before
{Heap before GC invocations=7 (full 0):
 PSYoungGen      total 113152K, used 112693K [0x00000000e1f80000, 0x00000000eaa80000, 0x0000000100000000)
  eden space 93184K, 100% used [0x00000000e1f80000,0x00000000e7a80000,0x00000000e7a80000)
  from space 19968K, 97% used [0x00000000e9100000,0x00000000ea40d798,0x00000000ea480000)
  to   space 23040K, 0% used [0x00000000e7a80000,0x00000000e7a80000,0x00000000e9100000)
 ParOldGen       total 62976K, used 38071K [0x00000000a5e00000, 0x00000000a9b80000, 0x00000000e1f80000)
  object space 62976K, 60% used [0x00000000a5e00000,0x00000000a832ddf0,0x00000000a9b80000)
 Metaspace       used 20436K, capacity 20618K, committed 20864K, reserved 1067008K
  class space    used 2348K, capacity 2422K, committed 2432K, reserved 1048576K

